<?xml version="1.0" encoding="UTF-8"?>
<testng-results skipped="0" failed="0" ignored="0" total="2" passed="2">
  <reporter-output>
  </reporter-output>
  <suite name="Suite" duration-ms="9957" started-at="2022-03-02T15:43:42 IST" finished-at="2022-03-02T15:43:52 IST">
    <groups>
    </groups>
    <test name="Test" duration-ms="9957" started-at="2022-03-02T15:43:42 IST" finished-at="2022-03-02T15:43:52 IST">
      <class name="tests.TC002">
        <test-method status="PASS" signature="setupDriver()[pri:0, instance:tests.TC002@74ad1f1f]" name="setupDriver" is-config="true" duration-ms="5651" started-at="2022-03-02T15:43:42 IST" finished-at="2022-03-02T15:43:48 IST">
          <reporter-output>
          </reporter-output>
        </test-method> <!-- setupDriver -->
        <test-method status="PASS" signature="testSecond()[pri:0, instance:tests.TC002@74ad1f1f]" name="testSecond" duration-ms="21" started-at="2022-03-02T15:43:48 IST" finished-at="2022-03-02T15:43:48 IST">
          <reporter-output>
          </reporter-output>
        </test-method> <!-- testSecond -->
        <test-method status="PASS" signature="tearDriver()[pri:0, instance:tests.TC002@74ad1f1f]" name="tearDriver" is-config="true" duration-ms="4160" started-at="2022-03-02T15:43:48 IST" finished-at="2022-03-02T15:43:52 IST">
          <reporter-output>
          </reporter-output>
        </test-method> <!-- tearDriver -->
      </class> <!-- tests.TC002 -->
      <class name="tests.TC001">
        <test-method status="PASS" signature="setupDriver()[pri:0, instance:tests.TC001@18bf3d14]" name="setupDriver" is-config="true" duration-ms="5775" started-at="2022-03-02T15:43:42 IST" finished-at="2022-03-02T15:43:48 IST">
          <reporter-output>
          </reporter-output>
        </test-method> <!-- setupDriver -->
        <test-method status="PASS" signature="testFirst()[pri:0, instance:tests.TC001@18bf3d14]" name="testFirst" duration-ms="19" started-at="2022-03-02T15:43:48 IST" finished-at="2022-03-02T15:43:48 IST">
          <reporter-output>
          </reporter-output>
        </test-method> <!-- testFirst -->
        <test-method status="PASS" signature="tearDriver()[pri:0, instance:tests.TC001@18bf3d14]" name="tearDriver" is-config="true" duration-ms="4119" started-at="2022-03-02T15:43:48 IST" finished-at="2022-03-02T15:43:52 IST">
          <reporter-output>
          </reporter-output>
        </test-method> <!-- tearDriver -->
      </class> <!-- tests.TC001 -->
    </test> <!-- Test -->
  </suite> <!-- Suite -->
</testng-results>
